<?xml version="1.0" encoding="UTF-8"?>
<testsuite xmlns:xsi="http://www.w3.org/2001/XMLSchema-instance" xsi:noNamespaceSchemaLocation="https://maven.apache.org/surefire/maven-surefire-plugin/xsd/surefire-test-report.xsd" name="runners.Runner" time="37.546" tests="3" errors="1" skipped="0" failures="0">
  <properties>
    <property name="gopherProxySet" value="false"/>
    <property name="awt.toolkit" value="sun.lwawt.macosx.LWCToolkit"/>
    <property name="file.encoding.pkg" value="sun.io"/>
    <property name="java.specification.version" value="1.8"/>
    <property name="sun.cpu.isalist" value=""/>
    <property name="sun.jnu.encoding" value="UTF-8"/>
    <property name="java.class.path" value="/Users/buraksimsek/IdeaProjects/ui_automation_bdd_6/target/test-classes:/Users/buraksimsek/IdeaProjects/ui_automation_bdd_6/target/classes:/Users/buraksimsek/.m2/repository/org/seleniumhq/selenium/selenium-java/3.141.59/selenium-java-3.141.59.jar:/Users/buraksimsek/.m2/repository/org/seleniumhq/selenium/selenium-api/3.141.59/selenium-api-3.141.59.jar:/Users/buraksimsek/.m2/repository/org/seleniumhq/selenium/selenium-chrome-driver/3.141.59/selenium-chrome-driver-3.141.59.jar:/Users/buraksimsek/.m2/repository/org/seleniumhq/selenium/selenium-edge-driver/3.141.59/selenium-edge-driver-3.141.59.jar:/Users/buraksimsek/.m2/repository/org/seleniumhq/selenium/selenium-firefox-driver/3.141.59/selenium-firefox-driver-3.141.59.jar:/Users/buraksimsek/.m2/repository/org/seleniumhq/selenium/selenium-ie-driver/3.141.59/selenium-ie-driver-3.141.59.jar:/Users/buraksimsek/.m2/repository/org/seleniumhq/selenium/selenium-opera-driver/3.141.59/selenium-opera-driver-3.141.59.jar:/Users/buraksimsek/.m2/repository/org/seleniumhq/selenium/selenium-remote-driver/3.141.59/selenium-remote-driver-3.141.59.jar:/Users/buraksimsek/.m2/repository/org/seleniumhq/selenium/selenium-safari-driver/3.141.59/selenium-safari-driver-3.141.59.jar:/Users/buraksimsek/.m2/repository/org/seleniumhq/selenium/selenium-support/3.141.59/selenium-support-3.141.59.jar:/Users/buraksimsek/.m2/repository/net/bytebuddy/byte-buddy/1.8.15/byte-buddy-1.8.15.jar:/Users/buraksimsek/.m2/repository/org/apache/commons/commons-exec/1.3/commons-exec-1.3.jar:/Users/buraksimsek/.m2/repository/com/google/guava/guava/25.0-jre/guava-25.0-jre.jar:/Users/buraksimsek/.m2/repository/com/google/code/findbugs/jsr305/1.3.9/jsr305-1.3.9.jar:/Users/buraksimsek/.m2/repository/org/checkerframework/checker-compat-qual/2.0.0/checker-compat-qual-2.0.0.jar:/Users/buraksimsek/.m2/repository/com/google/errorprone/error_prone_annotations/2.1.3/error_prone_annotations-2.1.3.jar:/Users/buraksimsek/.m2/repository/com/google/j2objc/j2objc-annotations/1.1/j2objc-annotations-1.1.jar:/Users/buraksimsek/.m2/repository/org/codehaus/mojo/animal-sniffer-annotations/1.14/animal-sniffer-annotations-1.14.jar:/Users/buraksimsek/.m2/repository/com/squareup/okhttp3/okhttp/3.11.0/okhttp-3.11.0.jar:/Users/buraksimsek/.m2/repository/com/squareup/okio/okio/1.14.0/okio-1.14.0.jar:/Users/buraksimsek/.m2/repository/io/github/bonigarcia/webdrivermanager/3.8.1/webdrivermanager-3.8.1.jar:/Users/buraksimsek/.m2/repository/org/slf4j/slf4j-api/1.7.25/slf4j-api-1.7.25.jar:/Users/buraksimsek/.m2/repository/commons-io/commons-io/2.6/commons-io-2.6.jar:/Users/buraksimsek/.m2/repository/com/google/code/gson/gson/2.8.5/gson-2.8.5.jar:/Users/buraksimsek/.m2/repository/org/apache/commons/commons-lang3/3.8.1/commons-lang3-3.8.1.jar:/Users/buraksimsek/.m2/repository/org/apache/httpcomponents/httpclient/4.5.6/httpclient-4.5.6.jar:/Users/buraksimsek/.m2/repository/org/apache/httpcomponents/httpcore/4.4.10/httpcore-4.4.10.jar:/Users/buraksimsek/.m2/repository/commons-logging/commons-logging/1.2/commons-logging-1.2.jar:/Users/buraksimsek/.m2/repository/commons-codec/commons-codec/1.10/commons-codec-1.10.jar:/Users/buraksimsek/.m2/repository/org/rauschig/jarchivelib/1.0.0/jarchivelib-1.0.0.jar:/Users/buraksimsek/.m2/repository/org/apache/commons/commons-compress/1.18/commons-compress-1.18.jar:/Users/buraksimsek/.m2/repository/org/jsoup/jsoup/1.11.3/jsoup-1.11.3.jar:/Users/buraksimsek/.m2/repository/io/cucumber/cucumber-java/7.11.1/cucumber-java-7.11.1.jar:/Users/buraksimsek/.m2/repository/io/cucumber/cucumber-core/7.11.1/cucumber-core-7.11.1.jar:/Users/buraksimsek/.m2/repository/io/cucumber/cucumber-gherkin/7.11.1/cucumber-gherkin-7.11.1.jar:/Users/buraksimsek/.m2/repository/io/cucumber/cucumber-gherkin-messages/7.11.1/cucumber-gherkin-messages-7.11.1.jar:/Users/buraksimsek/.m2/repository/io/cucumber/gherkin/26.0.3/gherkin-26.0.3.jar:/Users/buraksimsek/.m2/repository/io/cucumber/messages/21.0.1/messages-21.0.1.jar:/Users/buraksimsek/.m2/repository/io/cucumber/tag-expressions/5.0.1/tag-expressions-5.0.1.jar:/Users/buraksimsek/.m2/repository/io/cucumber/cucumber-expressions/16.1.2/cucumber-expressions-16.1.2.jar:/Users/buraksimsek/.m2/repository/io/cucumber/datatable/7.11.1/datatable-7.11.1.jar:/Users/buraksimsek/.m2/repository/io/cucumber/cucumber-plugin/7.11.1/cucumber-plugin-7.11.1.jar:/Users/buraksimsek/.m2/repository/io/cucumber/docstring/7.11.1/docstring-7.11.1.jar:/Users/buraksimsek/.m2/repository/io/cucumber/html-formatter/20.2.1/html-formatter-20.2.1.jar:/Users/buraksimsek/.m2/repository/io/cucumber/junit-xml-formatter/0.1.0/junit-xml-formatter-0.1.0.jar:/Users/buraksimsek/.m2/repository/io/cucumber/ci-environment/9.1.0/ci-environment-9.1.0.jar:/Users/buraksimsek/.m2/repository/org/apiguardian/apiguardian-api/1.1.2/apiguardian-api-1.1.2.jar:/Users/buraksimsek/.m2/repository/io/cucumber/cucumber-junit/7.11.1/cucumber-junit-7.11.1.jar:/Users/buraksimsek/.m2/repository/junit/junit/4.13.2/junit-4.13.2.jar:/Users/buraksimsek/.m2/repository/org/hamcrest/hamcrest-core/1.3/hamcrest-core-1.3.jar:"/>
    <property name="java.vm.vendor" value="Oracle Corporation"/>
    <property name="sun.arch.data.model" value="64"/>
    <property name="java.vendor.url" value="http://java.oracle.com/"/>
    <property name="user.timezone" value=""/>
    <property name="java.vm.specification.version" value="1.8"/>
    <property name="os.name" value="Mac OS X"/>
    <property name="user.country" value="US"/>
    <property name="sun.java.launcher" value="SUN_STANDARD"/>
    <property name="sun.boot.library.path" value="/Library/Java/JavaVirtualMachines/jdk1.8.0_361.jdk/Contents/Home/jre/lib"/>
    <property name="sun.java.command" value="/Users/buraksimsek/IdeaProjects/ui_automation_bdd_6/target/surefire/surefirebooter5278139222048742204.jar /Users/buraksimsek/IdeaProjects/ui_automation_bdd_6/target/surefire 2023-06-17T13-57-59_376-jvmRun1 surefire913151366484031415tmp surefire_05582965825646896458tmp"/>
    <property name="http.nonProxyHosts" value="local|*.local|169.254/16|*.169.254/16"/>
    <property name="surefire.test.class.path" value="/Users/buraksimsek/IdeaProjects/ui_automation_bdd_6/target/test-classes:/Users/buraksimsek/IdeaProjects/ui_automation_bdd_6/target/classes:/Users/buraksimsek/.m2/repository/org/seleniumhq/selenium/selenium-java/3.141.59/selenium-java-3.141.59.jar:/Users/buraksimsek/.m2/repository/org/seleniumhq/selenium/selenium-api/3.141.59/selenium-api-3.141.59.jar:/Users/buraksimsek/.m2/repository/org/seleniumhq/selenium/selenium-chrome-driver/3.141.59/selenium-chrome-driver-3.141.59.jar:/Users/buraksimsek/.m2/repository/org/seleniumhq/selenium/selenium-edge-driver/3.141.59/selenium-edge-driver-3.141.59.jar:/Users/buraksimsek/.m2/repository/org/seleniumhq/selenium/selenium-firefox-driver/3.141.59/selenium-firefox-driver-3.141.59.jar:/Users/buraksimsek/.m2/repository/org/seleniumhq/selenium/selenium-ie-driver/3.141.59/selenium-ie-driver-3.141.59.jar:/Users/buraksimsek/.m2/repository/org/seleniumhq/selenium/selenium-opera-driver/3.141.59/selenium-opera-driver-3.141.59.jar:/Users/buraksimsek/.m2/repository/org/seleniumhq/selenium/selenium-remote-driver/3.141.59/selenium-remote-driver-3.141.59.jar:/Users/buraksimsek/.m2/repository/org/seleniumhq/selenium/selenium-safari-driver/3.141.59/selenium-safari-driver-3.141.59.jar:/Users/buraksimsek/.m2/repository/org/seleniumhq/selenium/selenium-support/3.141.59/selenium-support-3.141.59.jar:/Users/buraksimsek/.m2/repository/net/bytebuddy/byte-buddy/1.8.15/byte-buddy-1.8.15.jar:/Users/buraksimsek/.m2/repository/org/apache/commons/commons-exec/1.3/commons-exec-1.3.jar:/Users/buraksimsek/.m2/repository/com/google/guava/guava/25.0-jre/guava-25.0-jre.jar:/Users/buraksimsek/.m2/repository/com/google/code/findbugs/jsr305/1.3.9/jsr305-1.3.9.jar:/Users/buraksimsek/.m2/repository/org/checkerframework/checker-compat-qual/2.0.0/checker-compat-qual-2.0.0.jar:/Users/buraksimsek/.m2/repository/com/google/errorprone/error_prone_annotations/2.1.3/error_prone_annotations-2.1.3.jar:/Users/buraksimsek/.m2/repository/com/google/j2objc/j2objc-annotations/1.1/j2objc-annotations-1.1.jar:/Users/buraksimsek/.m2/repository/org/codehaus/mojo/animal-sniffer-annotations/1.14/animal-sniffer-annotations-1.14.jar:/Users/buraksimsek/.m2/repository/com/squareup/okhttp3/okhttp/3.11.0/okhttp-3.11.0.jar:/Users/buraksimsek/.m2/repository/com/squareup/okio/okio/1.14.0/okio-1.14.0.jar:/Users/buraksimsek/.m2/repository/io/github/bonigarcia/webdrivermanager/3.8.1/webdrivermanager-3.8.1.jar:/Users/buraksimsek/.m2/repository/org/slf4j/slf4j-api/1.7.25/slf4j-api-1.7.25.jar:/Users/buraksimsek/.m2/repository/commons-io/commons-io/2.6/commons-io-2.6.jar:/Users/buraksimsek/.m2/repository/com/google/code/gson/gson/2.8.5/gson-2.8.5.jar:/Users/buraksimsek/.m2/repository/org/apache/commons/commons-lang3/3.8.1/commons-lang3-3.8.1.jar:/Users/buraksimsek/.m2/repository/org/apache/httpcomponents/httpclient/4.5.6/httpclient-4.5.6.jar:/Users/buraksimsek/.m2/repository/org/apache/httpcomponents/httpcore/4.4.10/httpcore-4.4.10.jar:/Users/buraksimsek/.m2/repository/commons-logging/commons-logging/1.2/commons-logging-1.2.jar:/Users/buraksimsek/.m2/repository/commons-codec/commons-codec/1.10/commons-codec-1.10.jar:/Users/buraksimsek/.m2/repository/org/rauschig/jarchivelib/1.0.0/jarchivelib-1.0.0.jar:/Users/buraksimsek/.m2/repository/org/apache/commons/commons-compress/1.18/commons-compress-1.18.jar:/Users/buraksimsek/.m2/repository/org/jsoup/jsoup/1.11.3/jsoup-1.11.3.jar:/Users/buraksimsek/.m2/repository/io/cucumber/cucumber-java/7.11.1/cucumber-java-7.11.1.jar:/Users/buraksimsek/.m2/repository/io/cucumber/cucumber-core/7.11.1/cucumber-core-7.11.1.jar:/Users/buraksimsek/.m2/repository/io/cucumber/cucumber-gherkin/7.11.1/cucumber-gherkin-7.11.1.jar:/Users/buraksimsek/.m2/repository/io/cucumber/cucumber-gherkin-messages/7.11.1/cucumber-gherkin-messages-7.11.1.jar:/Users/buraksimsek/.m2/repository/io/cucumber/gherkin/26.0.3/gherkin-26.0.3.jar:/Users/buraksimsek/.m2/repository/io/cucumber/messages/21.0.1/messages-21.0.1.jar:/Users/buraksimsek/.m2/repository/io/cucumber/tag-expressions/5.0.1/tag-expressions-5.0.1.jar:/Users/buraksimsek/.m2/repository/io/cucumber/cucumber-expressions/16.1.2/cucumber-expressions-16.1.2.jar:/Users/buraksimsek/.m2/repository/io/cucumber/datatable/7.11.1/datatable-7.11.1.jar:/Users/buraksimsek/.m2/repository/io/cucumber/cucumber-plugin/7.11.1/cucumber-plugin-7.11.1.jar:/Users/buraksimsek/.m2/repository/io/cucumber/docstring/7.11.1/docstring-7.11.1.jar:/Users/buraksimsek/.m2/repository/io/cucumber/html-formatter/20.2.1/html-formatter-20.2.1.jar:/Users/buraksimsek/.m2/repository/io/cucumber/junit-xml-formatter/0.1.0/junit-xml-formatter-0.1.0.jar:/Users/buraksimsek/.m2/repository/io/cucumber/ci-environment/9.1.0/ci-environment-9.1.0.jar:/Users/buraksimsek/.m2/repository/org/apiguardian/apiguardian-api/1.1.2/apiguardian-api-1.1.2.jar:/Users/buraksimsek/.m2/repository/io/cucumber/cucumber-junit/7.11.1/cucumber-junit-7.11.1.jar:/Users/buraksimsek/.m2/repository/junit/junit/4.13.2/junit-4.13.2.jar:/Users/buraksimsek/.m2/repository/org/hamcrest/hamcrest-core/1.3/hamcrest-core-1.3.jar:"/>
    <property name="sun.cpu.endian" value="little"/>
    <property name="user.home" value="/Users/buraksimsek"/>
    <property name="user.language" value="en"/>
    <property name="java.specification.vendor" value="Oracle Corporation"/>
    <property name="java.home" value="/Library/Java/JavaVirtualMachines/jdk1.8.0_361.jdk/Contents/Home/jre"/>
    <property name="basedir" value="/Users/buraksimsek/IdeaProjects/ui_automation_bdd_6"/>
    <property name="file.separator" value="/"/>
    <property name="line.separator" value="&#10;"/>
    <property name="java.vm.specification.vendor" value="Oracle Corporation"/>
    <property name="java.specification.name" value="Java Platform API Specification"/>
    <property name="java.awt.graphicsenv" value="sun.awt.CGraphicsEnvironment"/>
    <property name="surefire.real.class.path" value="/Users/buraksimsek/IdeaProjects/ui_automation_bdd_6/target/surefire/surefirebooter5278139222048742204.jar"/>
    <property name="sun.boot.class.path" value="/Library/Java/JavaVirtualMachines/jdk1.8.0_361.jdk/Contents/Home/jre/lib/resources.jar:/Library/Java/JavaVirtualMachines/jdk1.8.0_361.jdk/Contents/Home/jre/lib/rt.jar:/Library/Java/JavaVirtualMachines/jdk1.8.0_361.jdk/Contents/Home/jre/lib/jsse.jar:/Library/Java/JavaVirtualMachines/jdk1.8.0_361.jdk/Contents/Home/jre/lib/jce.jar:/Library/Java/JavaVirtualMachines/jdk1.8.0_361.jdk/Contents/Home/jre/lib/charsets.jar:/Library/Java/JavaVirtualMachines/jdk1.8.0_361.jdk/Contents/Home/jre/lib/jfr.jar:/Library/Java/JavaVirtualMachines/jdk1.8.0_361.jdk/Contents/Home/jre/classes"/>
    <property name="sun.management.compiler" value="HotSpot 64-Bit Tiered Compilers"/>
    <property name="ftp.nonProxyHosts" value="local|*.local|169.254/16|*.169.254/16"/>
    <property name="java.runtime.version" value="1.8.0_361-b09"/>
    <property name="user.name" value="buraksimsek"/>
    <property name="path.separator" value=":"/>
    <property name="os.version" value="13.2"/>
    <property name="java.endorsed.dirs" value="/Library/Java/JavaVirtualMachines/jdk1.8.0_361.jdk/Contents/Home/jre/lib/endorsed"/>
    <property name="java.runtime.name" value="Java(TM) SE Runtime Environment"/>
    <property name="file.encoding" value="UTF-8"/>
    <property name="java.vm.name" value="Java HotSpot(TM) 64-Bit Server VM"/>
    <property name="localRepository" value="/Users/buraksimsek/.m2/repository"/>
    <property name="java.vendor.url.bug" value="http://bugreport.sun.com/bugreport/"/>
    <property name="java.io.tmpdir" value="/var/folders/31/gmxhwrms5z91jd59m_xpb6zw0000gn/T/"/>
    <property name="cucumber.filter.tags" value="@Login"/>
    <property name="java.version" value="1.8.0_361"/>
    <property name="user.dir" value="/Users/buraksimsek/IdeaProjects/ui_automation_bdd_6"/>
    <property name="os.arch" value="x86_64"/>
    <property name="java.vm.specification.name" value="Java Virtual Machine Specification"/>
    <property name="java.awt.printerjob" value="sun.lwawt.macosx.CPrinterJob"/>
    <property name="sun.os.patch.level" value="unknown"/>
    <property name="java.library.path" value="/Users/buraksimsek/Library/Java/Extensions:/Library/Java/Extensions:/Network/Library/Java/Extensions:/System/Library/Java/Extensions:/usr/lib/java:."/>
    <property name="java.vm.info" value="mixed mode"/>
    <property name="java.vendor" value="Oracle Corporation"/>
    <property name="java.vm.version" value="25.361-b09"/>
    <property name="java.specification.maintenance.version" value="4"/>
    <property name="java.ext.dirs" value="/Users/buraksimsek/Library/Java/Extensions:/Library/Java/JavaVirtualMachines/jdk1.8.0_361.jdk/Contents/Home/jre/lib/ext:/Library/Java/Extensions:/Network/Library/Java/Extensions:/System/Library/Java/Extensions:/usr/lib/java"/>
    <property name="sun.io.unicode.encoding" value="UnicodeBig"/>
    <property name="java.class.version" value="52.0"/>
    <property name="socksNonProxyHosts" value="local|*.local|169.254/16|*.169.254/16"/>
  </properties>
  <testcase name="Validate Login Form #1" classname="TechGlobal Training Functionalities" time="13.305">
    <error message="The error message is not defined properly in the feature file&#10;Build info: version: &apos;3.141.59&apos;, revision: &apos;e82be7d358&apos;, time: &apos;2018-11-14T08:17:03&apos;&#10;System info: host: &apos;Buraks-MBP.attlocal.net&apos;, ip: &apos;2600:1700:3051:4f00:0:0:0:3a%en0&apos;, os.name: &apos;Mac OS X&apos;, os.arch: &apos;x86_64&apos;, os.version: &apos;13.2&apos;, java.version: &apos;1.8.0_361&apos;&#10;Driver info: driver.version: unknown" type="org.openqa.selenium.NotFoundException">org.openqa.selenium.NotFoundException: 
The error message is not defined properly in the feature file
Build info: version: '3.141.59', revision: 'e82be7d358', time: '2018-11-14T08:17:03'
System info: host: 'Buraks-MBP.attlocal.net', ip: '2600:1700:3051:4f00:0:0:0:3a%en0', os.name: 'Mac OS X', os.arch: 'x86_64', os.version: '13.2', java.version: '1.8.0_361'
Driver info: driver.version: unknown
</error>
    <system-out><![CDATA[
@Regression @Login
Scenario Outline: Validate Login Form                                &amp#27;[90m# src/test/resources/features/TechGlobal.feature:18&amp#27;[0m
  &amp#27;[32mGiven &amp#27;[0m&amp#27;[32muser navigates to &amp#27;[0m&amp#27;[32m&amp#27;[1m"https://techglobal-training.com/frontend"&amp#27;[0m &amp#27;[90m# steps.BaseSteps.userNavigatesTo(java.lang.String)&amp#27;[0m
  &amp#27;[32mAnd &amp#27;[0m&amp#27;[32muser selects the &amp#27;[0m&amp#27;[32m&amp#27;[1m"Login Form"&amp#27;[0m&amp#27;[32m option&amp#27;[0m                           &amp#27;[90m# steps.TechGlobalSteps.user_selects_the_option(java.lang.String)&amp#27;[0m
  &amp#27;[32mThen &amp#27;[0m&amp#27;[32muser should see &amp#27;[0m&amp#27;[32m&amp#27;[1m"Login Form"&amp#27;[0m&amp#27;[32m heading&amp#27;[0m                          &amp#27;[90m# steps.TechGlobalSteps.user_should_see_heading(java.lang.String)&amp#27;[0m
  &amp#27;[32mWhen &amp#27;[0m&amp#27;[32muser enters username as &amp#27;[0m&amp#27;[32m&amp#27;[1m"johndoe"&amp#27;[0m&amp#27;[32m and password as &amp#27;[0m&amp#27;[32m&amp#27;[1m"123456"&amp#27;[0m    &amp#27;[90m# steps.TechGlobalSteps.user_enters_username_as_and_password_as(java.lang.String,java.lang.String)&amp#27;[0m
  &amp#27;[31mThen &amp#27;[0m&amp#27;[31muser should see a &amp#27;[0m&amp#27;[31m&amp#27;[1m"Invalid Username entered!!"&amp#27;[0m&amp#27;[31m message&amp#27;[0m        &amp#27;[90m# steps.TechGlobalSteps.user_should_see_a_message(java.lang.String)&amp#27;[0m
      &amp#27;[31morg.openqa.selenium.NotFoundException: The error message is not defined properly in the feature file
Build info: version: '3.141.59', revision: 'e82be7d358', time: '2018-11-14T08:17:03'
System info: host: 'Buraks-MBP.attlocal.net', ip: '2600:1700:3051:4f00:0:0:0:3a%en0', os.name: 'Mac OS X', os.arch: 'x86_64', os.version: '13.2', java.version: '1.8.0_361'
Driver info: driver.version: unknown
	at steps.TechGlobalSteps.user_should_see_a_message(TechGlobalSteps.java:60)
	at ✽.user should see a "Invalid Username entered!!" message(file:///Users/buraksimsek/IdeaProjects/ui_automation_bdd_6/src/test/resources/features/TechGlobal.feature:14)
&amp#27;[0m
Scenario = Validate Login Form
Status = FAILED

    Embedding screenshot.png [image/png 152979 bytes]

]]></system-out>
    <system-err><![CDATA[SLF4J: Failed to load class "org.slf4j.impl.StaticLoggerBinder".
SLF4J: Defaulting to no-operation (NOP) logger implementation
SLF4J: See http://www.slf4j.org/codes.html#StaticLoggerBinder for further details.
Starting ChromeDriver 114.0.5735.90 (386bc09e8f4f2e025eddae123f36f6263096ae49-refs/branch-heads/5735@{#1052}) on port 3033
Only local connections are allowed.
Please see https://chromedriver.chromium.org/security-considerations for suggestions on keeping ChromeDriver safe.
ChromeDriver was started successfully.
Jun 17, 2023 1:58:05 PM org.openqa.selenium.remote.ProtocolHandshake createSession
INFO: Detected dialect: W3C
]]></system-err>
  </testcase>
  <testcase name="Validate Login Form #2" classname="TechGlobal Training Functionalities" time="11.672"/>
  <testcase name="Validate Login Form #3" classname="TechGlobal Training Functionalities" time="11.801"/>
</testsuite>